app/build/outputs/logs/manifest-merger-debug-report.txt
-- Merging decision tree log ---
manifest
ADDED from src/main/AndroidManifest.xml:1:1-122:12
	package
		ADDED from src/main/AndroidManifest.xml:2:5-46
		INJECTED from src/main/AndroidManifest.xml
		INJECTED from src/main/AndroidManifest.xml
	android:versionName
		ADDED from src/main/AndroidManifest.xml:4:5-30
		INJECTED from src/main/AndroidManifest.xml
		INJECTED from src/main/AndroidManifest.xml
	android:versionCode
		ADDED from src/main/AndroidManifest.xml:3:5-28
		INJECTED from src/main/AndroidManifest.xml
		INJECTED from src/main/AndroidManifest.xml
	xmlns:android
		ADDED from src/main/AndroidManifest.xml:1:11-69
uses-sdk
ADDED from src/main/AndroidManifest.xml:6:5-8:41
	android:targetSdkVersion
		ADDED from src/main/AndroidManifest.xml:8:9-38
		INJECTED from src/main/AndroidManifest.xml
		INJECTED from src/main/AndroidManifest.xml
	android:minSdkVersion
		ADDED from src/main/AndroidManifest.xml:7:9-35
		INJECTED from src/main/AndroidManifest.xml
		INJECTED from src/main/AndroidManifest.xml
instrumentation#android.test.InstrumentationTestRunner
ADDED from src/main/AndroidManifest.xml:10:5-13:73
	android:label
		ADDED from src/main/AndroidManifest.xml:13:13-70
	android:targetPackage
		ADDED from src/main/AndroidManifest.xml:12:13-68
	android:name
		ADDED from src/main/AndroidManifest.xml:11:13-66
uses-permission#android.permission.RECORD_AUDIO
ADDED from src/main/AndroidManifest.xml:15:5-71
	android:name
		ADDED from src/main/AndroidManifest.xml:15:22-68
uses-permission#android.permission.ACCESS_NETWORK_STATE
ADDED from src/main/AndroidManifest.xml:16:5-79
	android:name
		ADDED from src/main/AndroidManifest.xml:16:22-76
uses-permission#android.permission.INTERNET
ADDED from src/main/AndroidManifest.xml:17:5-67
	android:name
		ADDED from src/main/AndroidManifest.xml:17:22-64
uses-permission#android.permission.READ_PHONE_STATE
ADDED from src/main/AndroidManifest.xml:18:5-75
	android:name
		ADDED from src/main/AndroidManifest.xml:18:22-72
uses-permission#android.permission.WRITE_SETTINGS
ADDED from src/main/AndroidManifest.xml:19:5-73
	android:name
		ADDED from src/main/AndroidManifest.xml:19:22-70
uses-permission#android.permission.WRITE_EXTERNAL_STORAGE
ADDED from src/main/AndroidManifest.xml:21:5-81
	android:name
		ADDED from src/main/AndroidManifest.xml:21:22-78
application
ADDED from src/main/AndroidManifest.xml:23:5-120:19
	android:label
		ADDED from src/main/AndroidManifest.xml:25:9-41
	android:icon
		ADDED from src/main/AndroidManifest.xml:24:9-45
meta-data#com.baidu.speech.APP_ID
ADDED from src/main/AndroidManifest.xml:29:9-83
	android:value
		ADDED from src/main/AndroidManifest.xml:29:59-81
	android:name
		ADDED from src/main/AndroidManifest.xml:29:20-58
meta-data#com.baidu.speech.API_KEY
ADDED from src/main/AndroidManifest.xml:30:9-102
	android:value
		ADDED from src/main/AndroidManifest.xml:30:60-100
	android:name
		ADDED from src/main/AndroidManifest.xml:30:20-59
meta-data#com.baidu.speech.SECRET_KEY
ADDED from src/main/AndroidManifest.xml:31:9-113
	android:value
		ADDED from src/main/AndroidManifest.xml:31:63-111
	android:name
		ADDED from src/main/AndroidManifest.xml:31:20-62
service#com.baidu.speech.VoiceRecognitionService
ADDED from src/main/AndroidManifest.xml:32:9-101
	android:exported
		ADDED from src/main/AndroidManifest.xml:32:74-98
	android:name
		ADDED from src/main/AndroidManifest.xml:32:18-73
activity#com.baidu.voicerecognition.android.ui.BaiduASRDigitalDialog
ADDED from src/main/AndroidManifest.xml:33:9-43:20
	android:screenOrientation
		ADDED from src/main/AndroidManifest.xml:38:17-53
	android:exported
		ADDED from src/main/AndroidManifest.xml:37:17-41
	android:configChanges
		ADDED from src/main/AndroidManifest.xml:35:17-80
	android:theme
		ADDED from src/main/AndroidManifest.xml:36:17-60
	android:name
		ADDED from src/main/AndroidManifest.xml:34:17-91
intent-filter#android.intent.category.DEFAULT+com.baidu.action.RECOGNIZE_SPEECH
ADDED from src/main/AndroidManifest.xml:39:13-42:29
action#com.baidu.action.RECOGNIZE_SPEECH
ADDED from src/main/AndroidManifest.xml:40:17-76
	android:name
		ADDED from src/main/AndroidManifest.xml:40:25-73
category#android.intent.category.DEFAULT
ADDED from src/main/AndroidManifest.xml:41:17-76
	android:name
		ADDED from src/main/AndroidManifest.xml:41:27-73
activity#com.baidu.android.voicedemo.ActivityMain
ADDED from src/main/AndroidManifest.xml:46:9-56:20
	android:screenOrientation
		ADDED from src/main/AndroidManifest.xml:50:17-53
	android:configChanges
		ADDED from src/main/AndroidManifest.xml:48:17-80
	android:theme
		ADDED from src/main/AndroidManifest.xml:49:17-73
	android:name
		ADDED from src/main/AndroidManifest.xml:47:17-72
activity#com.baidu.android.voicedemo.ApiActivity
ADDED from src/main/AndroidManifest.xml:57:9-69:20
	android:screenOrientation
		ADDED from src/main/AndroidManifest.xml:61:17-53
	android:configChanges
		ADDED from src/main/AndroidManifest.xml:59:17-80
	android:theme
		ADDED from src/main/AndroidManifest.xml:60:17-73
	android:name
		ADDED from src/main/AndroidManifest.xml:58:17-71
intent-filter#android.intent.action.MAIN+android.intent.category.LAUNCHER
ADDED from src/main/AndroidManifest.xml:63:13-67:29
action#android.intent.action.MAIN
ADDED from src/main/AndroidManifest.xml:64:17-69
	android:name
		ADDED from src/main/AndroidManifest.xml:64:25-66
category#android.intent.category.LAUNCHER
ADDED from src/main/AndroidManifest.xml:66:17-77
	android:name
		ADDED from src/main/AndroidManifest.xml:66:27-74
activity#com.baidu.android.voicedemo.ActivityTouch
ADDED from src/main/AndroidManifest.xml:70:9-75:20
	android:screenOrientation
		ADDED from src/main/AndroidManifest.xml:74:17-53
	android:configChanges
		ADDED from src/main/AndroidManifest.xml:72:17-80
	android:theme
		ADDED from src/main/AndroidManifest.xml:73:17-73
	android:name
		ADDED from src/main/AndroidManifest.xml:71:17-73
activity#com.baidu.android.voicedemo.Setting
ADDED from src/main/AndroidManifest.xml:77:9-87:20
	android:screenOrientation
		ADDED from src/main/AndroidManifest.xml:82:13-49
	android:label
		ADDED from src/main/AndroidManifest.xml:79:13-31
	android:configChanges
		ADDED from src/main/AndroidManifest.xml:80:13-76
	android:theme
		ADDED from src/main/AndroidManifest.xml:81:13-69
	android:name
		ADDED from src/main/AndroidManifest.xml:78:13-63
intent-filter#android.intent.category.DEFAULT+com.baidu.speech.asr.demo.setting
ADDED from src/main/AndroidManifest.xml:83:13-86:29
action#com.baidu.speech.asr.demo.setting
ADDED from src/main/AndroidManifest.xml:84:17-76
	android:name
		ADDED from src/main/AndroidManifest.xml:84:25-73
activity#com.baidu.android.voicedemo.IseDemo
ADDED from src/main/AndroidManifest.xml:89:9-101:20
	android:screenOrientation
		ADDED from src/main/AndroidManifest.xml:93:13-49
	android:configChanges
		ADDED from src/main/AndroidManifest.xml:91:13-76
	android:theme
		ADDED from src/main/AndroidManifest.xml:92:13-69
	android:name
		ADDED from src/main/AndroidManifest.xml:90:13-63
activity#com.baidu.android.voicedemo.IseSettings
ADDED from src/main/AndroidManifest.xml:103:9-107:20
	android:screenOrientation
		ADDED from src/main/AndroidManifest.xml:106:13-49
	android:theme
		ADDED from src/main/AndroidManifest.xml:105:13-69
	android:name
		ADDED from src/main/AndroidManifest.xml:104:13-67
uses-library#android.test.runner
ADDED from src/main/AndroidManifest.xml:109:9-60
	android:name
		ADDED from src/main/AndroidManifest.xml:109:23-57
meta-data#IFLYTEK_APPKEY
ADDED from src/main/AndroidManifest.xml:112:9-114:42
	android:value
		ADDED from src/main/AndroidManifest.xml:114:13-29
	android:name
		ADDED from src/main/AndroidManifest.xml:113:13-42
meta-data#IFLYTEK_CHANNEL
ADDED from src/main/AndroidManifest.xml:115:9-117:44
	android:value
		ADDED from src/main/AndroidManifest.xml:117:13-41
	android:name
		ADDED from src/main/AndroidManifest.xml:116:13-43